Arguments: 
  /usr/local/bin/node /usr/local/Cellar/yarn/1.15.2/libexec/bin/yarn.js add apollo-server-express express grahpql reflect-metadata type-graphql

PATH: 
  /Users/exe/.rbenv/shims:/usr/local/lib/ruby/gems/2.5.0/bin:./.bin/:./node_modules/.bin/:/usr/local/opt/ruby/bin:/Users/exe/.rbenv/shims:/Users/exe/.rbenv/bin:/usr/local/bin:/usr/local/bin:/usr/bin:/bin:/usr/sbin:/sbin:/usr/local/go/bin:/Applications/Postgres.app/Contents/Versions/latest/bin:/usr/local/mysql/bin:/Users/exe/.composer/vendor/bin:/Users/exe/Library/Android/sdk/tools:/Users/exe/Library/Android/sdk/platform-tools:/usr/local/opt/fzf/bin

Yarn version: 
  1.15.2

Node version: 
  10.13.0

Platform: 
  darwin x64

Trace: 
  Error: https://registry.npmjs.org/grahpql: Not found
      at Request.params.callback [as _callback] (/usr/local/Cellar/yarn/1.15.2/libexec/lib/cli.js:66058:18)
      at Request.self.callback (/usr/local/Cellar/yarn/1.15.2/libexec/lib/cli.js:129541:22)
      at Request.emit (events.js:182:13)
      at Request.<anonymous> (/usr/local/Cellar/yarn/1.15.2/libexec/lib/cli.js:130513:10)
      at Request.emit (events.js:182:13)
      at IncomingMessage.<anonymous> (/usr/local/Cellar/yarn/1.15.2/libexec/lib/cli.js:130435:12)
      at Object.onceWrapper (events.js:273:13)
      at IncomingMessage.emit (events.js:187:15)
      at endReadableNT (_stream_readable.js:1094:12)
      at process._tickCallback (internal/process/next_tick.js:63:19)

npm manifest: 
  {
    "name": "yugi-card-shop-typergql-backend",
    "version": "1.0.0",
    "description": "crate tugi card store eiei",
    "main": "index.js",
    "scripts": {
      "test": "echo \"Error: no test specified\" && exit 1"
    },
    "repository": {
      "type": "git",
      "url": "git+https://github.com/SirawichDev/yugi-card-shop-typergql-backend.git"
    },
    "author": "SirawichDev",
    "license": "ISC",
    "bugs": {
      "url": "https://github.com/SirawichDev/yugi-card-shop-typergql-backend/issues"
    },
    "homepage": "https://github.com/SirawichDev/yugi-card-shop-typergql-backend#readme"
  }

yarn manifest: 
  No manifest

Lockfile: 
  No lockfile
